INFO 2025-12-29 09:51:22,869 Watching for file changes with StatReloader
INFO 2025-12-29 09:51:29,159 "GET / HTTP/1.1" 302 0
INFO 2025-12-29 09:51:29,194 "GET /accounts/login/?next=/ HTTP/1.1" 200 3981
INFO 2025-12-29 09:51:29,239 "GET /static/plugins/fontawesome-free/css/all.min.css HTTP/1.1" 304 0
INFO 2025-12-29 09:51:29,242 "GET /static/plugins/toastr/toastr.min.css HTTP/1.1" 304 0
INFO 2025-12-29 09:51:29,246 "GET /static/plugins/overlayScrollbars/css/OverlayScrollbars.min.css HTTP/1.1" 304 0
INFO 2025-12-29 09:51:29,250 "GET /static/dist/css/adminlte.min.css HTTP/1.1" 304 0
INFO 2025-12-29 09:51:29,256 "GET /static/plugins/jquery/jquery.min.js HTTP/1.1" 304 0
INFO 2025-12-29 09:51:29,260 "GET /static/dist/img/login.png HTTP/1.1" 304 0
INFO 2025-12-29 09:51:29,264 "GET /static/dist/js/jquery.formset.js HTTP/1.1" 304 0
INFO 2025-12-29 09:51:29,268 "GET /static/plugins/bootstrap/js/bootstrap.bundle.min.js HTTP/1.1" 304 0
INFO 2025-12-29 09:51:29,272 "GET /static/plugins/toastr/toastr.min.js HTTP/1.1" 304 0
INFO 2025-12-29 09:51:29,278 "GET /static/plugins/overlayScrollbars/js/jquery.overlayScrollbars.min.js HTTP/1.1" 304 0
INFO 2025-12-29 09:51:29,294 "GET /static/dist/js/adminlte.js HTTP/1.1" 304 0
INFO 2025-12-29 09:51:29,301 "GET /static/dist/js/demo.js HTTP/1.1" 304 0
INFO 2025-12-29 09:51:29,425 "GET /static/dist/css/login-page.css HTTP/1.1" 200 8610
INFO 2025-12-29 09:51:29,787 "GET /static/plugins/fontawesome-free/webfonts/fa-solid-900.woff2 HTTP/1.1" 304 0
WARNING 2025-12-29 09:51:30,145 Not Found: /favicon.ico
WARNING 2025-12-29 09:51:30,147 "GET /favicon.ico HTTP/1.1" 404 6202
INFO 2025-12-29 09:51:37,568 "POST /accounts/login/ HTTP/1.1" 302 0
INFO 2025-12-29 09:51:37,603 "GET / HTTP/1.1" 200 9290
INFO 2025-12-29 09:51:37,643 "GET /static/plugins/Datatables/datatables.min.css HTTP/1.1" 304 0
INFO 2025-12-29 09:51:37,643 "GET /static/plugins/Datatables/datatables.min.js HTTP/1.1" 304 0
INFO 2025-12-29 09:51:37,753 "GET /static/plugins/fontawesome-free/webfonts/fa-regular-400.woff2 HTTP/1.1" 304 0
INFO 2025-12-29 09:51:40,655 "GET /student/list HTTP/1.1" 200 10235
INFO 2025-12-29 09:51:49,383 "GET /student/1/ HTTP/1.1" 200 11864
INFO 2025-12-29 09:51:49,441 "GET /media/students/passports/Saholy_recto_CIN.jpg HTTP/1.1" 200 195101
INFO 2025-12-29 10:42:09,008 C:\Users\PANASONIC\Documents\code\projet\School-Management\school_app\settings.py changed, reloading.
INFO 2025-12-29 10:42:10,180 Watching for file changes with StatReloader
WARNING 2025-12-29 10:42:17,321 Not Found: /admin
WARNING 2025-12-29 10:42:17,321 "GET /admin HTTP/1.1" 404 6184
INFO 2025-12-29 10:42:19,472 "GET / HTTP/1.1" 200 9290
INFO 2025-12-29 10:42:21,655 "GET / HTTP/1.1" 200 9290
INFO 2025-12-29 10:42:22,819 "GET / HTTP/1.1" 200 9290
INFO 2025-12-29 10:42:25,262 "GET / HTTP/1.1" 200 9290
INFO 2025-12-29 10:42:41,382 C:\Users\PANASONIC\Documents\code\projet\School-Management\school_app\settings.py changed, reloading.
INFO 2025-12-29 10:42:42,347 Watching for file changes with StatReloader
INFO 2025-12-29 10:42:43,510 "GET / HTTP/1.1" 200 9290
INFO 2025-12-29 10:42:44,832 "GET / HTTP/1.1" 200 9290
INFO 2025-12-29 10:42:47,632 "GET /accounts/logout/ HTTP/1.1" 302 0
INFO 2025-12-29 10:42:47,639 "GET / HTTP/1.1" 302 0
INFO 2025-12-29 10:42:47,648 "GET /accounts/login/?next=/ HTTP/1.1" 200 3981
INFO 2025-12-29 10:42:55,254 C:\Users\PANASONIC\Documents\code\projet\School-Management\school_app\settings.py changed, reloading.
INFO 2025-12-29 10:42:56,342 Watching for file changes with StatReloader
INFO 2025-12-29 10:42:56,817 "GET /accounts/login/?next=/ HTTP/1.1" 200 3981
INFO 2025-12-29 10:42:57,028 "GET /accounts/login/?next=/ HTTP/1.1" 200 3981
INFO 2025-12-29 10:46:19,924 "GET /accounts/login/?next=/ HTTP/1.1" 200 3981
INFO 2025-12-29 10:46:20,789 "GET /accounts/login/?next=/ HTTP/1.1" 200 3981
INFO 2025-12-29 10:46:25,205 "POST /accounts/login/ HTTP/1.1" 302 0
INFO 2025-12-29 10:46:25,240 "GET / HTTP/1.1" 200 8259
INFO 2025-12-29 10:49:59,948 "GET /accounts/logout/ HTTP/1.1" 302 0
INFO 2025-12-29 10:49:59,956 "GET / HTTP/1.1" 302 0
INFO 2025-12-29 10:49:59,962 "GET /accounts/login/?next=/ HTTP/1.1" 200 3727
INFO 2025-12-29 10:53:46,512 "GET /accounts/login/?next=/ HTTP/1.1" 200 3727
INFO 2025-12-29 10:54:38,390 "GET /accounts/login/?next=/ HTTP/1.1" 200 3727
INFO 2025-12-29 10:54:39,029 "GET /accounts/login/?next=/ HTTP/1.1" 200 3727
INFO 2025-12-29 10:54:39,373 "GET /accounts/login/?next=/ HTTP/1.1" 200 3727
INFO 2025-12-29 10:54:39,581 "GET /accounts/login/?next=/ HTTP/1.1" 200 3727
INFO 2025-12-29 10:54:40,741 "GET /accounts/login/?next=/ HTTP/1.1" 200 3727
INFO 2025-12-29 10:54:42,787 "GET /accounts/login/?next=/ HTTP/1.1" 200 3727
INFO 2025-12-29 10:54:48,839 Watching for file changes with StatReloader
INFO 2025-12-29 10:54:51,929 "GET /accounts/login/?next=/ HTTP/1.1" 200 3727
INFO 2025-12-29 10:55:01,316 "GET /accounts/login/?next=/ HTTP/1.1" 200 3727
INFO 2025-12-29 10:55:01,789 "GET /accounts/login/?next=/ HTTP/1.1" 200 3727
INFO 2025-12-29 10:55:05,805 "GET / HTTP/1.1" 302 0
INFO 2025-12-29 10:55:05,815 "GET /accounts/login/?next=/ HTTP/1.1" 200 3727
INFO 2025-12-29 10:56:24,876 "GET /accounts/login/?next=/ HTTP/1.1" 200 3727
INFO 2025-12-29 10:56:24,995 "GET /static/plugins/fontawesome-free/css/all.min.css HTTP/1.1" 200 58578
INFO 2025-12-29 10:56:24,995 "GET /static/plugins/toastr/toastr.min.css HTTP/1.1" 200 6454
INFO 2025-12-29 10:56:24,995 "GET /static/plugins/overlayScrollbars/css/OverlayScrollbars.min.css HTTP/1.1" 200 19724
INFO 2025-12-29 10:56:25,025 "GET /static/dist/css/adminlte.min.css HTTP/1.1" 200 686707
INFO 2025-12-29 10:56:25,025 "GET /static/dist/css/login-page.css HTTP/1.1" 200 8610
INFO 2025-12-29 10:56:25,025 "GET /static/plugins/jquery/jquery.min.js HTTP/1.1" 200 88145
INFO 2025-12-29 10:56:25,041 "GET /static/dist/img/login.png HTTP/1.1" 200 8304
INFO 2025-12-29 10:56:25,041 "GET /static/dist/js/jquery.formset.js HTTP/1.1" 200 13632
INFO 2025-12-29 10:56:25,041 "GET /static/plugins/bootstrap/js/bootstrap.bundle.min.js HTTP/1.1" 200 80698
INFO 2025-12-29 10:56:25,059 "GET /static/plugins/toastr/toastr.min.js HTTP/1.1" 200 5251
INFO 2025-12-29 10:56:25,059 "GET /static/plugins/overlayScrollbars/js/jquery.overlayScrollbars.min.js HTTP/1.1" 200 42383
INFO 2025-12-29 10:56:25,059 "GET /static/dist/js/adminlte.js HTTP/1.1" 200 57530
INFO 2025-12-29 10:56:25,075 "GET /static/dist/js/demo.js HTTP/1.1" 200 12616
INFO 2025-12-29 10:56:25,842 "GET /static/plugins/fontawesome-free/webfonts/fa-solid-900.woff2 HTTP/1.1" 200 79444
INFO 2025-12-29 10:56:59,250 "GET /accounts/login/?next=/ HTTP/1.1" 200 3727
INFO 2025-12-29 10:56:59,266 "GET /static/dist/img/login.png HTTP/1.1" 304 0
INFO 2025-12-29 10:57:00,167 "GET /accounts/login/?next=/ HTTP/1.1" 200 3727
INFO 2025-12-29 10:57:01,787 "GET /accounts/login/?next=/ HTTP/1.1" 200 3727
INFO 2025-12-29 10:57:02,117 "GET /accounts/login/?next=/ HTTP/1.1" 200 3727
INFO 2025-12-29 10:57:05,173 "GET /accounts/login/?next=/ HTTP/1.1" 200 3727
INFO 2025-12-29 10:57:05,715 "GET /accounts/login/?next=/ HTTP/1.1" 200 3727
INFO 2025-12-29 10:57:08,551 "GET /accounts/login/?next=/ HTTP/1.1" 200 3727
INFO 2025-12-29 10:57:12,064 "GET /accounts/login/?next=/ HTTP/1.1" 200 3727
INFO 2025-12-29 11:01:21,439 "GET /accounts/login/?next=/ HTTP/1.1" 200 3727
INFO 2025-12-29 11:01:21,478 "GET /static/dist/img/login.png HTTP/1.1" 200 46156
INFO 2025-12-29 11:07:45,634 "GET /accounts/login/?next=/ HTTP/1.1" 200 3727
INFO 2025-12-29 11:07:45,671 "GET /static/dist/img/login.png HTTP/1.1" 200 151902
INFO 2025-12-29 11:08:10,306 "GET /accounts/login/?next=/ HTTP/1.1" 200 3727
INFO 2025-12-29 11:08:10,330 "GET /static/dist/img/login.png HTTP/1.1" 304 0
INFO 2025-12-29 11:08:13,839 "GET /accounts/login/?next=/ HTTP/1.1" 200 3727
INFO 2025-12-29 11:08:13,859 "GET /static/dist/img/login.png HTTP/1.1" 304 0
INFO 2025-12-29 11:08:35,074 "GET /accounts/login/?next=/ HTTP/1.1" 200 3727
INFO 2025-12-29 11:08:35,100 "GET /static/dist/img/login.png HTTP/1.1" 304 0
INFO 2025-12-29 11:08:40,452 "GET /accounts/login/?next=/ HTTP/1.1" 200 3727
INFO 2025-12-29 11:08:48,407 "POST /accounts/login/ HTTP/1.1" 200 3882
INFO 2025-12-29 11:08:48,434 "GET /static/dist/img/login.png HTTP/1.1" 304 0
INFO 2025-12-29 11:08:53,344 "POST /accounts/login/ HTTP/1.1" 302 0
INFO 2025-12-29 11:08:53,374 "GET / HTTP/1.1" 200 8259
INFO 2025-12-29 11:08:53,402 "GET /static/plugins/Datatables/datatables.min.css HTTP/1.1" 200 25780
INFO 2025-12-29 11:08:53,444 "GET /static/plugins/Datatables/datatables.min.js HTTP/1.1" 200 2042446
INFO 2025-12-29 11:08:53,486 "GET /static/plugins/fontawesome-free/webfonts/fa-regular-400.woff2 HTTP/1.1" 200 13584
INFO 2025-12-29 11:08:59,763 "GET /student/list HTTP/1.1" 200 9205
ERROR 2025-12-29 11:22:18,886 Internal Server Error: /
Traceback (most recent call last):
  File "C:\Users\PANASONIC\Documents\code\projet\School_env\lib\site-packages\django\core\handlers\exception.py", line 47, in inner
    response = get_response(request)
  File "C:\Users\PANASONIC\Documents\code\projet\School_env\lib\site-packages\django\core\handlers\base.py", line 204, in _get_response
    response = response.render()
  File "C:\Users\PANASONIC\Documents\code\projet\School_env\lib\site-packages\django\template\response.py", line 105, in render
    self.content = self.rendered_content
  File "C:\Users\PANASONIC\Documents\code\projet\School_env\lib\site-packages\django\template\response.py", line 81, in rendered_content
    template = self.resolve_template(self.template_name)
  File "C:\Users\PANASONIC\Documents\code\projet\School_env\lib\site-packages\django\template\response.py", line 63, in resolve_template
    return select_template(template, using=self.using)
  File "C:\Users\PANASONIC\Documents\code\projet\School_env\lib\site-packages\django\template\loader.py", line 42, in select_template
    return engine.get_template(template_name)
  File "C:\Users\PANASONIC\Documents\code\projet\School_env\lib\site-packages\django\template\backends\django.py", line 34, in get_template
    return Template(self.engine.get_template(template_name), self)
  File "C:\Users\PANASONIC\Documents\code\projet\School_env\lib\site-packages\django\template\engine.py", line 143, in get_template
    template, origin = self.find_template(template_name)
  File "C:\Users\PANASONIC\Documents\code\projet\School_env\lib\site-packages\django\template\engine.py", line 125, in find_template
    template = loader.get_template(name, skip=skip)
  File "C:\Users\PANASONIC\Documents\code\projet\School_env\lib\site-packages\django\template\loaders\base.py", line 29, in get_template
    return Template(
  File "C:\Users\PANASONIC\Documents\code\projet\School_env\lib\site-packages\django\template\base.py", line 155, in __init__
    self.nodelist = self.compile_nodelist()
  File "C:\Users\PANASONIC\Documents\code\projet\School_env\lib\site-packages\django\template\base.py", line 193, in compile_nodelist
    return parser.parse()
  File "C:\Users\PANASONIC\Documents\code\projet\School_env\lib\site-packages\django\template\base.py", line 478, in parse
    raise self.error(token, e)
  File "C:\Users\PANASONIC\Documents\code\projet\School_env\lib\site-packages\django\template\base.py", line 476, in parse
    compiled_result = compile_func(self, token)
  File "C:\Users\PANASONIC\Documents\code\projet\School_env\lib\site-packages\django\template\loader_tags.py", line 280, in do_extends
    raise TemplateSyntaxError("'%s' cannot appear more than once in the same template" % bits[0])
django.template.exceptions.TemplateSyntaxError: 'extends' cannot appear more than once in the same template
ERROR 2025-12-29 11:22:18,891 "GET / HTTP/1.1" 500 135788
ERROR 2025-12-29 11:22:22,793 Internal Server Error: /
Traceback (most recent call last):
  File "C:\Users\PANASONIC\Documents\code\projet\School_env\lib\site-packages\django\core\handlers\exception.py", line 47, in inner
    response = get_response(request)
  File "C:\Users\PANASONIC\Documents\code\projet\School_env\lib\site-packages\django\core\handlers\base.py", line 204, in _get_response
    response = response.render()
  File "C:\Users\PANASONIC\Documents\code\projet\School_env\lib\site-packages\django\template\response.py", line 105, in render
    self.content = self.rendered_content
  File "C:\Users\PANASONIC\Documents\code\projet\School_env\lib\site-packages\django\template\response.py", line 81, in rendered_content
    template = self.resolve_template(self.template_name)
  File "C:\Users\PANASONIC\Documents\code\projet\School_env\lib\site-packages\django\template\response.py", line 63, in resolve_template
    return select_template(template, using=self.using)
  File "C:\Users\PANASONIC\Documents\code\projet\School_env\lib\site-packages\django\template\loader.py", line 42, in select_template
    return engine.get_template(template_name)
  File "C:\Users\PANASONIC\Documents\code\projet\School_env\lib\site-packages\django\template\backends\django.py", line 34, in get_template
    return Template(self.engine.get_template(template_name), self)
  File "C:\Users\PANASONIC\Documents\code\projet\School_env\lib\site-packages\django\template\engine.py", line 143, in get_template
    template, origin = self.find_template(template_name)
  File "C:\Users\PANASONIC\Documents\code\projet\School_env\lib\site-packages\django\template\engine.py", line 125, in find_template
    template = loader.get_template(name, skip=skip)
  File "C:\Users\PANASONIC\Documents\code\projet\School_env\lib\site-packages\django\template\loaders\base.py", line 29, in get_template
    return Template(
  File "C:\Users\PANASONIC\Documents\code\projet\School_env\lib\site-packages\django\template\base.py", line 155, in __init__
    self.nodelist = self.compile_nodelist()
  File "C:\Users\PANASONIC\Documents\code\projet\School_env\lib\site-packages\django\template\base.py", line 193, in compile_nodelist
    return parser.parse()
  File "C:\Users\PANASONIC\Documents\code\projet\School_env\lib\site-packages\django\template\base.py", line 478, in parse
    raise self.error(token, e)
  File "C:\Users\PANASONIC\Documents\code\projet\School_env\lib\site-packages\django\template\base.py", line 476, in parse
    compiled_result = compile_func(self, token)
  File "C:\Users\PANASONIC\Documents\code\projet\School_env\lib\site-packages\django\template\loader_tags.py", line 280, in do_extends
    raise TemplateSyntaxError("'%s' cannot appear more than once in the same template" % bits[0])
django.template.exceptions.TemplateSyntaxError: 'extends' cannot appear more than once in the same template
ERROR 2025-12-29 11:22:22,794 "GET / HTTP/1.1" 500 135788
INFO 2025-12-29 11:22:27,276 "GET /accounts/logout/ HTTP/1.1" 302 0
INFO 2025-12-29 11:22:27,287 "GET / HTTP/1.1" 302 0
INFO 2025-12-29 11:22:27,306 "GET /accounts/login/?next=/ HTTP/1.1" 200 3727
INFO 2025-12-29 11:22:27,332 "GET /static/dist/img/login.png HTTP/1.1" 304 0
INFO 2025-12-29 11:22:35,991 "POST /accounts/login/ HTTP/1.1" 302 0
ERROR 2025-12-29 11:22:36,052 Internal Server Error: /
Traceback (most recent call last):
  File "C:\Users\PANASONIC\Documents\code\projet\School_env\lib\site-packages\django\core\handlers\exception.py", line 47, in inner
    response = get_response(request)
  File "C:\Users\PANASONIC\Documents\code\projet\School_env\lib\site-packages\django\core\handlers\base.py", line 204, in _get_response
    response = response.render()
  File "C:\Users\PANASONIC\Documents\code\projet\School_env\lib\site-packages\django\template\response.py", line 105, in render
    self.content = self.rendered_content
  File "C:\Users\PANASONIC\Documents\code\projet\School_env\lib\site-packages\django\template\response.py", line 81, in rendered_content
    template = self.resolve_template(self.template_name)
  File "C:\Users\PANASONIC\Documents\code\projet\School_env\lib\site-packages\django\template\response.py", line 63, in resolve_template
    return select_template(template, using=self.using)
  File "C:\Users\PANASONIC\Documents\code\projet\School_env\lib\site-packages\django\template\loader.py", line 42, in select_template
    return engine.get_template(template_name)
  File "C:\Users\PANASONIC\Documents\code\projet\School_env\lib\site-packages\django\template\backends\django.py", line 34, in get_template
    return Template(self.engine.get_template(template_name), self)
  File "C:\Users\PANASONIC\Documents\code\projet\School_env\lib\site-packages\django\template\engine.py", line 143, in get_template
    template, origin = self.find_template(template_name)
  File "C:\Users\PANASONIC\Documents\code\projet\School_env\lib\site-packages\django\template\engine.py", line 125, in find_template
    template = loader.get_template(name, skip=skip)
  File "C:\Users\PANASONIC\Documents\code\projet\School_env\lib\site-packages\django\template\loaders\base.py", line 29, in get_template
    return Template(
  File "C:\Users\PANASONIC\Documents\code\projet\School_env\lib\site-packages\django\template\base.py", line 155, in __init__
    self.nodelist = self.compile_nodelist()
  File "C:\Users\PANASONIC\Documents\code\projet\School_env\lib\site-packages\django\template\base.py", line 193, in compile_nodelist
    return parser.parse()
  File "C:\Users\PANASONIC\Documents\code\projet\School_env\lib\site-packages\django\template\base.py", line 478, in parse
    raise self.error(token, e)
  File "C:\Users\PANASONIC\Documents\code\projet\School_env\lib\site-packages\django\template\base.py", line 476, in parse
    compiled_result = compile_func(self, token)
  File "C:\Users\PANASONIC\Documents\code\projet\School_env\lib\site-packages\django\template\loader_tags.py", line 280, in do_extends
    raise TemplateSyntaxError("'%s' cannot appear more than once in the same template" % bits[0])
django.template.exceptions.TemplateSyntaxError: 'extends' cannot appear more than once in the same template
ERROR 2025-12-29 11:22:36,052 "GET / HTTP/1.1" 500 135935
INFO 2025-12-29 11:23:03,612 "GET / HTTP/1.1" 200 11703
INFO 2025-12-29 11:23:21,323 "GET /site-config HTTP/1.1" 200 9831
INFO 2025-12-29 11:23:42,762 "POST /site-config HTTP/1.1" 200 9848
INFO 2025-12-29 11:23:44,632 "POST /site-config HTTP/1.1" 200 9848
INFO 2025-12-29 11:23:45,857 "GET / HTTP/1.1" 200 11703
INFO 2025-12-29 11:23:50,833 "GET /finance/list/ HTTP/1.1" 200 9743
INFO 2025-12-29 11:23:53,293 "GET /result/create/ HTTP/1.1" 200 9538
INFO 2025-12-29 11:23:54,113 "GET /staff/list/ HTTP/1.1" 200 8873
INFO 2025-12-29 11:32:02,293 "GET /staff/list/ HTTP/1.1" 200 8873
INFO 2025-12-29 11:32:04,379 "GET /staff/list/ HTTP/1.1" 200 8873
INFO 2025-12-29 11:32:05,254 "GET /staff/list/ HTTP/1.1" 200 8873
INFO 2025-12-29 11:32:07,809 "GET /student/list HTTP/1.1" 200 9205
INFO 2025-12-29 11:49:20,449 "GET /student/list HTTP/1.1" 200 9205
INFO 2025-12-29 11:49:39,625 "GET /accounts/logout/ HTTP/1.1" 302 0
INFO 2025-12-29 11:49:39,638 "GET / HTTP/1.1" 302 0
INFO 2025-12-29 11:49:39,663 "GET /accounts/login/?next=/ HTTP/1.1" 200 3727
INFO 2025-12-29 11:49:39,701 "GET /static/plugins/toastr/toastr.min.css HTTP/1.1" 200 6454
INFO 2025-12-29 11:49:39,703 "GET /static/plugins/overlayScrollbars/css/OverlayScrollbars.min.css HTTP/1.1" 200 19724
INFO 2025-12-29 11:49:39,704 "GET /static/plugins/fontawesome-free/css/all.min.css HTTP/1.1" 200 58578
INFO 2025-12-29 11:49:39,708 "GET /static/dist/css/login-page.css HTTP/1.1" 200 8610
INFO 2025-12-29 11:49:39,714 "GET /static/plugins/jquery/jquery.min.js HTTP/1.1" 200 88145
INFO 2025-12-29 11:49:39,726 "GET /static/dist/css/adminlte.min.css HTTP/1.1" 200 686707
INFO 2025-12-29 11:49:39,730 "GET /static/dist/js/jquery.formset.js HTTP/1.1" 200 13632
INFO 2025-12-29 11:49:39,732 "GET /static/dist/img/login.png HTTP/1.1" 200 151902
INFO 2025-12-29 11:49:40,288 "GET /static/plugins/toastr/toastr.min.js HTTP/1.1" 200 5251
INFO 2025-12-29 11:49:40,288 "GET /static/dist/js/demo.js HTTP/1.1" 200 12616
INFO 2025-12-29 11:49:40,296 "GET /static/plugins/overlayScrollbars/js/jquery.overlayScrollbars.min.js HTTP/1.1" 200 42383
INFO 2025-12-29 11:49:40,298 "GET /static/plugins/bootstrap/js/bootstrap.bundle.min.js HTTP/1.1" 200 80698
INFO 2025-12-29 11:49:40,303 "GET /static/dist/js/adminlte.js HTTP/1.1" 200 57530
INFO 2025-12-29 11:49:40,340 "GET /static/plugins/fontawesome-free/webfonts/fa-solid-900.woff2 HTTP/1.1" 200 79444
INFO 2025-12-29 11:49:52,399 "POST /accounts/login/ HTTP/1.1" 200 3882
INFO 2025-12-29 11:49:56,579 "POST /accounts/login/ HTTP/1.1" 302 0
INFO 2025-12-29 11:49:56,606 "GET / HTTP/1.1" 200 11703
INFO 2025-12-29 11:49:56,631 "GET /static/plugins/Datatables/datatables.min.css HTTP/1.1" 200 25780
INFO 2025-12-29 11:49:56,680 "GET /static/plugins/fontawesome-free/webfonts/fa-regular-400.woff2 HTTP/1.1" 200 13584
INFO 2025-12-29 11:49:56,693 "GET /static/plugins/Datatables/datatables.min.js HTTP/1.1" 200 2042446
INFO 2025-12-29 16:09:49,256 Watching for file changes with StatReloader
INFO 2025-12-29 16:10:25,845 "GET / HTTP/1.1" 302 0
INFO 2025-12-29 16:10:25,878 "GET /accounts/login/?next=/ HTTP/1.1" 200 3727
INFO 2025-12-29 16:10:25,941 "GET /static/dist/img/login.png HTTP/1.1" 304 0
INFO 2025-12-29 16:19:25,537 "GET /accounts/login/?next=/ HTTP/1.1" 200 3727
INFO 2025-12-29 16:33:00,149 "GET / HTTP/1.1" 302 0
INFO 2025-12-29 16:33:00,175 "GET /accounts/login/?next=/ HTTP/1.1" 200 3727
INFO 2025-12-29 16:33:00,336 "GET / HTTP/1.1" 302 0
INFO 2025-12-29 16:33:00,390 "GET /accounts/login/?next=/ HTTP/1.1" 200 3727
WARNING 2025-12-29 16:33:00,402 Not Found: /sitemap.xml
WARNING 2025-12-29 16:33:00,466 Not Found: /robots.txt
WARNING 2025-12-29 16:33:00,481 "GET /sitemap.xml HTTP/1.1" 404 6202
WARNING 2025-12-29 16:33:00,488 "GET /robots.txt HTTP/1.1" 404 6199
INFO 2025-12-29 16:33:01,030 "GET /static/dist/css/login-page.css HTTP/1.1" 200 8610
INFO 2025-12-29 16:33:01,074 "GET /static/plugins/toastr/toastr.min.js HTTP/1.1" 200 5251
INFO 2025-12-29 16:33:01,083 "GET /static/plugins/overlayScrollbars/js/jquery.overlayScrollbars.min.js HTTP/1.1" 200 42383
INFO 2025-12-29 16:33:01,114 "GET /static/plugins/jquery/jquery.min.js HTTP/1.1" 200 88145
INFO 2025-12-29 16:33:01,156 "GET /static/dist/js/adminlte.js HTTP/1.1" 200 57530
INFO 2025-12-29 16:33:01,157 "GET /static/dist/js/demo.js HTTP/1.1" 200 12616
INFO 2025-12-29 16:33:01,172 "GET /static/dist/img/login.png HTTP/1.1" 200 151902
INFO 2025-12-29 16:33:01,210 "GET /static/plugins/fontawesome-free/css/all.min.css HTTP/1.1" 200 58578
WARNING 2025-12-29 16:33:01,233 Not Found: /delete/
WARNING 2025-12-29 16:33:01,234 "GET /delete/ HTTP/1.1" 404 6190
INFO 2025-12-29 16:33:01,237 "GET /static/dist/js/jquery.formset.js HTTP/1.1" 200 13632
INFO 2025-12-29 16:33:01,315 "GET /static/plugins/toastr/toastr.min.css HTTP/1.1" 200 6454
INFO 2025-12-29 16:33:01,317 "GET /static/plugins/overlayScrollbars/css/OverlayScrollbars.min.css HTTP/1.1" 200 19724
WARNING 2025-12-29 16:33:01,324 Not Found: /update/
WARNING 2025-12-29 16:33:01,343 "GET /update/ HTTP/1.1" 404 6190
INFO 2025-12-29 16:33:01,434 "GET /static/dist/css/adminlte.min.css HTTP/1.1" 200 686707
INFO 2025-12-29 16:33:01,463 "GET /static/plugins/bootstrap/js/bootstrap.bundle.min.js HTTP/1.1" 200 80698
INFO 2025-12-29 16:33:01,811 "POST /accounts/login/ HTTP/1.1" 200 3882
INFO 2025-12-29 16:33:01,832 "GET /accounts/login/ HTTP/1.1" 200 3562
INFO 2025-12-29 16:33:02,067 "POST /accounts/login/ HTTP/1.1" 200 3717
WARNING 2025-12-29 16:33:10,993 Not Found: /1843819579802773927
WARNING 2025-12-29 16:33:10,994 "GET /1843819579802773927 HTTP/1.1" 404 6226
WARNING 2025-12-29 16:33:11,018 Not Found: /accounts/7420609209320895228
WARNING 2025-12-29 16:33:11,022 "GET /accounts/7420609209320895228 HTTP/1.1" 404 7719
WARNING 2025-12-29 16:33:11,037 Not Found: /accounts/login/2802946300717632730
WARNING 2025-12-29 16:33:11,038 "GET /accounts/login/2802946300717632730 HTTP/1.1" 404 7737
WARNING 2025-12-29 16:33:11,061 Not Found: /delete/294934697648507003
WARNING 2025-12-29 16:33:11,062 "GET /delete/294934697648507003 HTTP/1.1" 404 6244
WARNING 2025-12-29 16:33:11,079 "GET /static/5199654440055650391 HTTP/1.1" 404 1816
WARNING 2025-12-29 16:33:11,093 "GET /static/dist/4298450234212059448 HTTP/1.1" 404 1831
WARNING 2025-12-29 16:33:11,108 "GET /static/dist/css/1257308949169205266 HTTP/1.1" 404 1843
WARNING 2025-12-29 16:33:11,127 "GET /static/dist/img/204892753494084940 HTTP/1.1" 404 1840
WARNING 2025-12-29 16:33:11,142 "GET /static/dist/js/3036817137706392974 HTTP/1.1" 404 1840
WARNING 2025-12-29 16:33:11,161 "GET /static/plugins/1112461921738049593 HTTP/1.1" 404 1840
WARNING 2025-12-29 16:33:11,182 "GET /static/plugins/bootstrap/6054418206672665250 HTTP/1.1" 404 1870
WARNING 2025-12-29 16:33:11,200 "GET /static/plugins/bootstrap/js/7908816465176836562 HTTP/1.1" 404 1879
WARNING 2025-12-29 16:33:11,271 "GET /static/plugins/fontawesome-free/884558170091360642 HTTP/1.1" 404 1888
WARNING 2025-12-29 16:33:11,327 "GET /static/plugins/fontawesome-free/css/3767786553347403439 HTTP/1.1" 404 1903
WARNING 2025-12-29 16:33:11,362 "GET /static/plugins/jquery/5177543718361290721 HTTP/1.1" 404 1861
WARNING 2025-12-29 16:33:11,391 "GET /static/plugins/overlayScrollbars/8389732725007992486 HTTP/1.1" 404 1894
WARNING 2025-12-29 16:33:11,423 "GET /static/plugins/overlayScrollbars/css/285286343766417357 HTTP/1.1" 404 1903
WARNING 2025-12-29 16:33:11,444 "GET /static/plugins/overlayScrollbars/js/7605145787330748068 HTTP/1.1" 404 1903
WARNING 2025-12-29 16:33:11,460 "GET /static/plugins/toastr/7811190613914916535 HTTP/1.1" 404 1861
WARNING 2025-12-29 16:33:11,495 Not Found: /update/4261991229440857339
WARNING 2025-12-29 16:33:11,506 "GET /update/4261991229440857339 HTTP/1.1" 404 6247
ERROR 2025-12-29 16:33:11,595 Invalid HTTP_HOST header: '169.254.169.254'. You may need to add '169.254.169.254' to ALLOWED_HOSTS.
WARNING 2025-12-29 16:33:11,662 Bad Request: /latest/meta-data/
WARNING 2025-12-29 16:33:11,663 "GET /latest/meta-data/ HTTP/1.1" 400 67283
ERROR 2025-12-29 16:33:11,667 Invalid HTTP_HOST header: 'aws.zaproxy.org'. You may need to add 'aws.zaproxy.org' to ALLOWED_HOSTS.
WARNING 2025-12-29 16:33:11,703 Bad Request: /latest/meta-data/
WARNING 2025-12-29 16:33:11,703 "GET /latest/meta-data/ HTTP/1.1" 400 67283
ERROR 2025-12-29 16:33:11,709 Invalid HTTP_HOST header: '169.254.169.254'. You may need to add '169.254.169.254' to ALLOWED_HOSTS.
WARNING 2025-12-29 16:33:11,756 Bad Request: /computeMetadata/v1/
WARNING 2025-12-29 16:33:11,757 "GET /computeMetadata/v1/ HTTP/1.1" 400 67441
ERROR 2025-12-29 16:33:11,765 Invalid HTTP_HOST header: 'metadata.google.internal'. You may need to add 'metadata.google.internal' to ALLOWED_HOSTS.
WARNING 2025-12-29 16:33:11,801 Bad Request: /computeMetadata/v1/
WARNING 2025-12-29 16:33:11,802 "GET /computeMetadata/v1/ HTTP/1.1" 400 67576
ERROR 2025-12-29 16:33:11,808 Invalid HTTP_HOST header: '169.254.169.254'. You may need to add '169.254.169.254' to ALLOWED_HOSTS.
WARNING 2025-12-29 16:33:11,858 Bad Request: /opc/v1/instance/
WARNING 2025-12-29 16:33:11,859 "GET /opc/v1/instance/ HTTP/1.1" 400 67272
ERROR 2025-12-29 16:33:11,868 Invalid HTTP_HOST header: 'metadata.oraclecloud.com'. You may need to add 'metadata.oraclecloud.com' to ALLOWED_HOSTS.
WARNING 2025-12-29 16:33:11,904 Bad Request: /opc/v1/instance/
WARNING 2025-12-29 16:33:11,905 "GET /opc/v1/instance/ HTTP/1.1" 400 67407
ERROR 2025-12-29 16:33:11,914 Invalid HTTP_HOST header: '100.100.100.200'. You may need to add '100.100.100.200' to ALLOWED_HOSTS.
WARNING 2025-12-29 16:33:11,981 Bad Request: /latest/meta-data/
WARNING 2025-12-29 16:33:11,982 "GET /latest/meta-data/ HTTP/1.1" 400 67283
ERROR 2025-12-29 16:33:11,999 Invalid HTTP_HOST header: 'alibaba.zaproxy.org'. You may need to add 'alibaba.zaproxy.org' to ALLOWED_HOSTS.
WARNING 2025-12-29 16:33:12,038 Bad Request: /latest/meta-data/
WARNING 2025-12-29 16:33:12,039 "GET /latest/meta-data/ HTTP/1.1" 400 67343
ERROR 2025-12-29 16:33:12,048 Invalid HTTP_HOST header: '169.254.169.254'. You may need to add '169.254.169.254' to ALLOWED_HOSTS.
WARNING 2025-12-29 16:33:12,087 Bad Request: /metadata/instance
WARNING 2025-12-29 16:33:12,088 "GET /metadata/instance HTTP/1.1" 400 67410
INFO 2025-12-29 16:33:12,125 "GET / HTTP/1.1" 302 0
INFO 2025-12-29 16:33:12,143 "GET /accounts/login/?next=/ HTTP/1.1" 200 3727
WARNING 2025-12-29 16:33:12,206 Not Found: /actuator/health
WARNING 2025-12-29 16:33:12,208 "GET /actuator/health HTTP/1.1" 404 6214
WARNING 2025-12-29 16:33:12,229 Not Found: /actuator/health
WARNING 2025-12-29 16:33:12,230 "GET /actuator/health HTTP/1.1" 404 6214
WARNING 2025-12-29 16:39:17,932 Not Found: /3392977329964697149
WARNING 2025-12-29 16:39:17,933 "GET /3392977329964697149 HTTP/1.1" 404 6226
WARNING 2025-12-29 16:39:17,957 Not Found: /accounts/1258459070367244835
WARNING 2025-12-29 16:39:17,960 "GET /accounts/1258459070367244835 HTTP/1.1" 404 7719
WARNING 2025-12-29 16:39:17,979 Not Found: /accounts/login/2267053434035030445
WARNING 2025-12-29 16:39:17,980 "GET /accounts/login/2267053434035030445 HTTP/1.1" 404 7737
WARNING 2025-12-29 16:39:18,000 Not Found: /delete/7760888464406008338
WARNING 2025-12-29 16:39:18,001 "GET /delete/7760888464406008338 HTTP/1.1" 404 6247
WARNING 2025-12-29 16:39:18,013 "GET /static/8783563153975593427 HTTP/1.1" 404 1816
WARNING 2025-12-29 16:39:18,034 "GET /static/dist/8268660247760114630 HTTP/1.1" 404 1831
WARNING 2025-12-29 16:39:18,055 "GET /static/dist/css/6262468309919752300 HTTP/1.1" 404 1843
WARNING 2025-12-29 16:39:18,072 "GET /static/dist/img/8989447673653337816 HTTP/1.1" 404 1843
WARNING 2025-12-29 16:39:18,094 "GET /static/dist/js/518002934023681007 HTTP/1.1" 404 1837
WARNING 2025-12-29 16:39:18,116 "GET /static/plugins/6295037641098130699 HTTP/1.1" 404 1840
WARNING 2025-12-29 16:39:18,141 "GET /static/plugins/bootstrap/6676935498274955336 HTTP/1.1" 404 1870
WARNING 2025-12-29 16:39:18,158 "GET /static/plugins/bootstrap/js/4750612953562863472 HTTP/1.1" 404 1879
WARNING 2025-12-29 16:39:18,194 "GET /static/plugins/fontawesome-free/1960500252114403656 HTTP/1.1" 404 1891
WARNING 2025-12-29 16:39:18,223 "GET /static/plugins/fontawesome-free/css/3205392149016109002 HTTP/1.1" 404 1903
WARNING 2025-12-29 16:39:18,257 "GET /static/plugins/jquery/6850828754376793993 HTTP/1.1" 404 1861
WARNING 2025-12-29 16:39:18,273 "GET /static/plugins/overlayScrollbars/4701182004169103436 HTTP/1.1" 404 1894
WARNING 2025-12-29 16:39:18,294 "GET /static/plugins/overlayScrollbars/css/5812822680211302417 HTTP/1.1" 404 1906
WARNING 2025-12-29 16:39:18,316 "GET /static/plugins/overlayScrollbars/js/7376994047282434230 HTTP/1.1" 404 1903
WARNING 2025-12-29 16:39:18,338 "GET /static/plugins/toastr/3649611104750078040 HTTP/1.1" 404 1861
WARNING 2025-12-29 16:39:18,369 Not Found: /update/1627241574648107321
WARNING 2025-12-29 16:39:18,370 "GET /update/1627241574648107321 HTTP/1.1" 404 6247
WARNING 2025-12-29 16:39:18,406 Not Found: /WEB-INF/web.xml
WARNING 2025-12-29 16:39:18,413 "GET /WEB-INF/web.xml HTTP/1.1" 404 6214
WARNING 2025-12-29 16:39:18,433 Not Found: /WEB-INF/applicationContext.xml
WARNING 2025-12-29 16:39:18,434 "GET /WEB-INF/applicationContext.xml HTTP/1.1" 404 6259
WARNING 2025-12-29 16:39:18,460 Not Found: /WEB-INF/classes/web/xml.class
WARNING 2025-12-29 16:39:18,461 "GET /WEB-INF/classes/web/xml.class HTTP/1.1" 404 6256
WARNING 2025-12-29 16:39:18,482 Not Found: /WEB-INF/classes/0/5em.class
WARNING 2025-12-29 16:39:18,483 "GET /WEB-INF/classes/0/5em.class HTTP/1.1" 404 6250
WARNING 2025-12-29 16:39:18,505 Not Found: /WEB-INF/classes/pre/exception_value.class
WARNING 2025-12-29 16:39:18,506 "GET /WEB-INF/classes/pre/exception_value.class HTTP/1.1" 404 6292
WARNING 2025-12-29 16:39:18,530 Not Found: /WEB-INF/classes/1/5em.class
WARNING 2025-12-29 16:39:18,531 "GET /WEB-INF/classes/1/5em.class HTTP/1.1" 404 6250
WARNING 2025-12-29 16:39:18,554 Not Found: /WEB-INF/classes/school_app/urls.class
WARNING 2025-12-29 16:39:18,555 "GET /WEB-INF/classes/school_app/urls.class HTTP/1.1" 404 6280
WARNING 2025-12-29 16:39:18,584 Not Found: /WEB-INF/classes/applicationContext/xml.class
WARNING 2025-12-29 16:39:18,585 "GET /WEB-INF/classes/applicationContext/xml.class HTTP/1.1" 404 6301
INFO 2025-12-29 16:39:18,644 code 400, message Bad request version ('¼+\x92¨H\x97Ï½9\x04Ì\x16')
ERROR 2025-12-29 16:39:18,644 You're accessing the development server over HTTPS, but it only supports HTTP.

INFO 2025-12-29 16:39:18,646 code 400, message Bad request version ('¼+\x92¨H\x97Ï½9\x04Ì\x16')
ERROR 2025-12-29 16:39:18,647 You're accessing the development server over HTTPS, but it only supports HTTP.

INFO 2025-12-29 16:39:18,649 code 400, message Bad request version ('¼+\x92¨H\x97Ï½9\x04Ì\x16')
ERROR 2025-12-29 16:39:18,649 You're accessing the development server over HTTPS, but it only supports HTTP.

INFO 2025-12-29 16:39:18,660 "GET /?-s HTTP/1.1" 302 0
WARNING 2025-12-29 16:39:18,683 Forbidden (CSRF cookie not set.): /
WARNING 2025-12-29 16:39:18,684 "POST /?-d+allow_url_include%3d1+-d+auto_prepend_file%3dphp://input HTTP/1.1" 403 2986
WARNING 2025-12-29 16:39:18,760 Forbidden (CSRF cookie not set.): /
WARNING 2025-12-29 16:39:18,761 "POST /?-d+allow_url_include%3d1+-d+auto_prepend_file%3dphp://input HTTP/1.1" 403 2986
INFO 2025-12-29 16:39:18,845 "GET / HTTP/1.1" 302 0
INFO 2025-12-29 16:39:18,904 "GET /?class.module.classLoader.DefaultAssertionStatus=nonsense HTTP/1.1" 302 0
INFO 2025-12-29 16:39:18,922 "GET /accounts/login/?next=/%3Fclass.module.classLoader.DefaultAssertionStatus%3Dnonsense HTTP/1.1" 200 3784
WARNING 2025-12-29 16:39:18,934 Forbidden (CSRF cookie not set.): /
WARNING 2025-12-29 16:39:18,935 "POST / HTTP/1.1" 403 2986
WARNING 2025-12-29 16:39:18,960 Forbidden (CSRF cookie not set.): /
WARNING 2025-12-29 16:39:18,961 "POST / HTTP/1.1" 403 2986
ERROR 2025-12-29 16:39:18,981 Invalid HTTP_HOST header: '169.254.169.254'. You may need to add '169.254.169.254' to ALLOWED_HOSTS.
WARNING 2025-12-29 16:39:19,010 Bad Request: /latest/meta-data/
WARNING 2025-12-29 16:39:19,011 "GET /latest/meta-data/ HTTP/1.1" 400 67283
ERROR 2025-12-29 16:39:19,017 Invalid HTTP_HOST header: 'aws.zaproxy.org'. You may need to add 'aws.zaproxy.org' to ALLOWED_HOSTS.
WARNING 2025-12-29 16:39:19,053 Bad Request: /latest/meta-data/
WARNING 2025-12-29 16:39:19,053 "GET /latest/meta-data/ HTTP/1.1" 400 67283
ERROR 2025-12-29 16:39:19,060 Invalid HTTP_HOST header: '169.254.169.254'. You may need to add '169.254.169.254' to ALLOWED_HOSTS.
WARNING 2025-12-29 16:39:19,099 Bad Request: /computeMetadata/v1/
WARNING 2025-12-29 16:39:19,099 "GET /computeMetadata/v1/ HTTP/1.1" 400 67441
ERROR 2025-12-29 16:39:19,104 Invalid HTTP_HOST header: 'metadata.google.internal'. You may need to add 'metadata.google.internal' to ALLOWED_HOSTS.
WARNING 2025-12-29 16:39:19,145 Bad Request: /computeMetadata/v1/
WARNING 2025-12-29 16:39:19,146 "GET /computeMetadata/v1/ HTTP/1.1" 400 67576
ERROR 2025-12-29 16:39:19,151 Invalid HTTP_HOST header: '169.254.169.254'. You may need to add '169.254.169.254' to ALLOWED_HOSTS.
WARNING 2025-12-29 16:39:19,182 Bad Request: /opc/v1/instance/
WARNING 2025-12-29 16:39:19,183 "GET /opc/v1/instance/ HTTP/1.1" 400 67272
ERROR 2025-12-29 16:39:19,187 Invalid HTTP_HOST header: 'metadata.oraclecloud.com'. You may need to add 'metadata.oraclecloud.com' to ALLOWED_HOSTS.
WARNING 2025-12-29 16:39:19,217 Bad Request: /opc/v1/instance/
WARNING 2025-12-29 16:39:19,217 "GET /opc/v1/instance/ HTTP/1.1" 400 67407
ERROR 2025-12-29 16:39:19,221 Invalid HTTP_HOST header: '100.100.100.200'. You may need to add '100.100.100.200' to ALLOWED_HOSTS.
WARNING 2025-12-29 16:39:19,253 Bad Request: /latest/meta-data/
WARNING 2025-12-29 16:39:19,253 "GET /latest/meta-data/ HTTP/1.1" 400 67283
ERROR 2025-12-29 16:39:19,258 Invalid HTTP_HOST header: 'alibaba.zaproxy.org'. You may need to add 'alibaba.zaproxy.org' to ALLOWED_HOSTS.
WARNING 2025-12-29 16:39:19,289 Bad Request: /latest/meta-data/
WARNING 2025-12-29 16:39:19,290 "GET /latest/meta-data/ HTTP/1.1" 400 67343
ERROR 2025-12-29 16:39:19,295 Invalid HTTP_HOST header: '169.254.169.254'. You may need to add '169.254.169.254' to ALLOWED_HOSTS.
WARNING 2025-12-29 16:39:19,322 Bad Request: /metadata/instance
WARNING 2025-12-29 16:39:19,323 "GET /metadata/instance HTTP/1.1" 400 67410
INFO 2025-12-29 16:39:19,340 "GET / HTTP/1.1" 302 0
INFO 2025-12-29 16:39:19,351 "GET /accounts/login/?next=/ HTTP/1.1" 200 3727
INFO 2025-12-29 16:39:19,467 code 400, message Bad HTTP/0.9 request type ("\x16\x03\x03\x01\x95\x01\x00\x01\x91\x03\x03ðêB\x8cÌ¤Øß^_\x80+´wZ¤Þ;@'?Ø\x83OÓ\x8eô\x94ø²\x99\x90")
ERROR 2025-12-29 16:39:19,467 You're accessing the development server over HTTPS, but it only supports HTTP.

WARNING 2025-12-29 16:39:19,524 Not Found: /elmah.axd
WARNING 2025-12-29 16:39:19,526 "GET /elmah.axd HTTP/1.1" 404 6196
WARNING 2025-12-29 16:39:19,534 Not Found: /trace.axd
WARNING 2025-12-29 16:39:19,540 "GET /trace.axd HTTP/1.1" 404 6196
WARNING 2025-12-29 16:39:19,558 Not Found: /.htaccess
WARNING 2025-12-29 16:39:19,560 "GET /.htaccess HTTP/1.1" 404 6196
WARNING 2025-12-29 16:39:19,582 Not Found: /.env
WARNING 2025-12-29 16:39:19,583 "GET /.env HTTP/1.1" 404 6181
WARNING 2025-12-29 16:39:19,641 Not Found: /zap5257640781397365487
WARNING 2025-12-29 16:39:19,642 "GET /zap5257640781397365487 HTTP/1.1" 404 6235
WARNING 2025-12-29 16:39:19,665 Not Found: /.zap764375755554100192
WARNING 2025-12-29 16:39:19,682 "GET /.zap764375755554100192 HTTP/1.1" 404 6235
WARNING 2025-12-29 16:39:19,688 Not Found: /actuator/health
WARNING 2025-12-29 16:39:19,689 "GET /actuator/health HTTP/1.1" 404 6214
WARNING 2025-12-29 16:39:19,713 Not Found: /lfm.php
WARNING 2025-12-29 16:39:19,714 "GET /lfm.php HTTP/1.1" 404 6190
WARNING 2025-12-29 16:39:19,718 Not Found: /actuator/health
WARNING 2025-12-29 16:39:19,738 Not Found: /.idea/WebServers.xml
WARNING 2025-12-29 16:39:19,739 "GET /actuator/health HTTP/1.1" 404 6214
WARNING 2025-12-29 16:39:19,752 "GET /.idea/WebServers.xml HTTP/1.1" 404 6229
WARNING 2025-12-29 16:39:19,777 Not Found: /config/databases.yml
WARNING 2025-12-29 16:39:19,786 "GET /config/databases.yml HTTP/1.1" 404 6229
WARNING 2025-12-29 16:39:19,804 Not Found: /config/database.yml
WARNING 2025-12-29 16:39:19,805 "GET /config/database.yml HTTP/1.1" 404 6226
WARNING 2025-12-29 16:39:19,827 Not Found: /.git/config
WARNING 2025-12-29 16:39:19,832 "GET /.git/config HTTP/1.1" 404 6202
WARNING 2025-12-29 16:39:19,850 Not Found: /.svn/entries
WARNING 2025-12-29 16:39:19,854 "GET /.svn/entries HTTP/1.1" 404 6205
WARNING 2025-12-29 16:39:19,879 Not Found: /.svn/wc.db
WARNING 2025-12-29 16:39:19,898 "GET /.svn/wc.db HTTP/1.1" 404 6199
WARNING 2025-12-29 16:39:19,950 Not Found: /CVS/root
WARNING 2025-12-29 16:39:19,953 "GET /CVS/root HTTP/1.1" 404 6193
WARNING 2025-12-29 16:39:19,972 Not Found: /server-status
WARNING 2025-12-29 16:39:19,973 "GET /server-status HTTP/1.1" 404 6208
WARNING 2025-12-29 16:39:19,995 Not Found: /core
WARNING 2025-12-29 16:39:19,996 "GET /core HTTP/1.1" 404 6181
WARNING 2025-12-29 16:39:20,015 Not Found: /sftp-config.json
WARNING 2025-12-29 16:39:20,016 "GET /sftp-config.json HTTP/1.1" 404 6217
WARNING 2025-12-29 16:39:20,036 Not Found: /WS_FTP.ini
WARNING 2025-12-29 16:39:20,037 "GET /WS_FTP.ini HTTP/1.1" 404 6199
WARNING 2025-12-29 16:39:20,057 Not Found: /ws_ftp.ini
WARNING 2025-12-29 16:39:20,058 "GET /ws_ftp.ini HTTP/1.1" 404 6199
WARNING 2025-12-29 16:39:20,078 Not Found: /WS_FTP.INI
WARNING 2025-12-29 16:39:20,079 "GET /WS_FTP.INI HTTP/1.1" 404 6199
WARNING 2025-12-29 16:39:20,099 Not Found: /filezilla.xml
WARNING 2025-12-29 16:39:20,100 "GET /filezilla.xml HTTP/1.1" 404 6208
WARNING 2025-12-29 16:39:20,128 Not Found: /sitemanager.xml
WARNING 2025-12-29 16:39:20,130 "GET /sitemanager.xml HTTP/1.1" 404 6214
WARNING 2025-12-29 16:39:20,157 Not Found: /FileZilla.xml
WARNING 2025-12-29 16:39:20,159 "GET /FileZilla.xml HTTP/1.1" 404 6208
WARNING 2025-12-29 16:39:20,181 Not Found: /winscp.ini
WARNING 2025-12-29 16:39:20,182 "GET /winscp.ini HTTP/1.1" 404 6199
WARNING 2025-12-29 16:39:20,210 Not Found: /WinSCP.ini
WARNING 2025-12-29 16:39:20,211 "GET /WinSCP.ini HTTP/1.1" 404 6199
WARNING 2025-12-29 16:39:20,231 Not Found: /.DS_Store
WARNING 2025-12-29 16:39:20,235 "GET /.DS_Store HTTP/1.1" 404 6196
WARNING 2025-12-29 16:39:20,253 Not Found: /.php_cs.cache
WARNING 2025-12-29 16:39:20,254 "GET /.php_cs.cache HTTP/1.1" 404 6208
WARNING 2025-12-29 16:39:20,275 Not Found: /DEADJOE
WARNING 2025-12-29 16:39:20,276 "GET /DEADJOE HTTP/1.1" 404 6190
WARNING 2025-12-29 16:39:20,331 Not Found: /sites/default/private/files/backup_migrate/scheduled/test.txt
WARNING 2025-12-29 16:39:20,332 "GET /sites/default/private/files/backup_migrate/scheduled/test.txt HTTP/1.1" 404 6352
WARNING 2025-12-29 16:39:20,361 Not Found: /app/etc/local.xml
WARNING 2025-12-29 16:39:20,361 "GET /app/etc/local.xml HTTP/1.1" 404 6220
WARNING 2025-12-29 16:39:20,379 Not Found: /server.key
WARNING 2025-12-29 16:39:20,379 "GET /server.key HTTP/1.1" 404 6199
WARNING 2025-12-29 16:39:20,400 Not Found: /privatekey.key
WARNING 2025-12-29 16:39:20,400 "GET /privatekey.key HTTP/1.1" 404 6211
WARNING 2025-12-29 16:39:20,421 Not Found: /myserver.key
WARNING 2025-12-29 16:39:20,422 "GET /myserver.key HTTP/1.1" 404 6205
WARNING 2025-12-29 16:39:20,444 Not Found: /key.pem
WARNING 2025-12-29 16:39:20,445 "GET /key.pem HTTP/1.1" 404 6190
WARNING 2025-12-29 16:39:20,462 Not Found: /id_rsa
WARNING 2025-12-29 16:39:20,463 "GET /id_rsa HTTP/1.1" 404 6187
WARNING 2025-12-29 16:39:20,481 Not Found: /id_dsa
WARNING 2025-12-29 16:39:20,482 "GET /id_dsa HTTP/1.1" 404 6187
WARNING 2025-12-29 16:39:20,502 Not Found: /.ssh/id_rsa
WARNING 2025-12-29 16:39:20,503 "GET /.ssh/id_rsa HTTP/1.1" 404 6202
WARNING 2025-12-29 16:39:20,523 Not Found: /.ssh/id_dsa
WARNING 2025-12-29 16:39:20,524 "GET /.ssh/id_dsa HTTP/1.1" 404 6202
WARNING 2025-12-29 16:39:20,539 Not Found: /adminer.php
WARNING 2025-12-29 16:39:20,540 "GET /adminer.php HTTP/1.1" 404 6202
WARNING 2025-12-29 16:39:20,558 Not Found: /vb_test.php
WARNING 2025-12-29 16:39:20,559 "GET /vb_test.php HTTP/1.1" 404 6202
WARNING 2025-12-29 16:39:20,578 Not Found: /CHANGELOG.txt
WARNING 2025-12-29 16:39:20,579 "GET /CHANGELOG.txt HTTP/1.1" 404 6208
WARNING 2025-12-29 16:39:20,598 Not Found: /sites/default/files/.ht.sqlite
WARNING 2025-12-29 16:39:20,602 "GET /sites/default/files/.ht.sqlite HTTP/1.1" 404 6259
WARNING 2025-12-29 16:39:20,622 Not Found: /composer.json
WARNING 2025-12-29 16:39:20,623 "GET /composer.json HTTP/1.1" 404 6208
WARNING 2025-12-29 16:39:20,656 Not Found: /composer.lock
WARNING 2025-12-29 16:39:20,657 "GET /composer.lock HTTP/1.1" 404 6208
WARNING 2025-12-29 16:39:20,677 Not Found: /vim_settings.xml
WARNING 2025-12-29 16:39:20,678 "GET /vim_settings.xml HTTP/1.1" 404 6217
WARNING 2025-12-29 16:39:20,702 Not Found: /server-info
WARNING 2025-12-29 16:39:20,703 "GET /server-info HTTP/1.1" 404 6202
WARNING 2025-12-29 16:39:20,727 Not Found: /phpinfo.php
WARNING 2025-12-29 16:39:20,728 "GET /phpinfo.php HTTP/1.1" 404 6202
WARNING 2025-12-29 16:39:20,746 Not Found: /info.php
WARNING 2025-12-29 16:39:20,747 "GET /info.php HTTP/1.1" 404 6193
WARNING 2025-12-29 16:39:20,765 Not Found: /i.php
WARNING 2025-12-29 16:39:20,766 "GET /i.php HTTP/1.1" 404 6184
WARNING 2025-12-29 16:39:20,814 Not Found: /test.php
WARNING 2025-12-29 16:39:20,817 "GET /test.php HTTP/1.1" 404 6193
WARNING 2025-12-29 16:39:20,874 Not Found: /_wpeprivate/config.json
WARNING 2025-12-29 16:39:20,886 "GET /_wpeprivate/config.json HTTP/1.1" 404 6238
WARNING 2025-12-29 16:39:20,962 Not Found: /_framework/blazor.boot.json
WARNING 2025-12-29 16:39:20,963 "GET /_framework/blazor.boot.json HTTP/1.1" 404 6250
WARNING 2025-12-29 16:39:20,984 Not Found: /.hg
WARNING 2025-12-29 16:39:20,984 "GET /.hg HTTP/1.1" 404 6178
WARNING 2025-12-29 16:39:21,010 Not Found: /.bzr
WARNING 2025-12-29 16:39:21,012 "GET /.bzr HTTP/1.1" 404 6181
WARNING 2025-12-29 16:39:21,034 Not Found: /._darcs
WARNING 2025-12-29 16:39:21,035 "GET /._darcs HTTP/1.1" 404 6190
WARNING 2025-12-29 16:39:21,057 Not Found: /BitKeeper
WARNING 2025-12-29 16:39:21,059 "GET /BitKeeper HTTP/1.1" 404 6196
INFO 2025-12-29 16:39:21,432 "GET / HTTP/1.1" 302 0
INFO 2025-12-29 16:39:21,448 "GET /accounts/login/?next=/ HTTP/1.1" 200 3727
INFO 2025-12-29 16:39:21,480 "GET / HTTP/1.1" 302 0
INFO 2025-12-29 16:39:21,495 "GET /accounts/login/?next=/ HTTP/1.1" 200 3727
INFO 2025-12-29 16:39:21,521 "GET / HTTP/1.1" 302 0
INFO 2025-12-29 16:39:21,545 "GET /accounts/login/?next=/ HTTP/1.1" 200 3727
INFO 2025-12-29 16:39:21,578 "GET / HTTP/1.1" 302 0
INFO 2025-12-29 16:39:21,588 "GET /accounts/login/?next=/ HTTP/1.1" 200 3727
INFO 2025-12-29 16:39:21,610 "GET / HTTP/1.1" 302 0
INFO 2025-12-29 16:39:21,620 "GET /accounts/login/?next=/ HTTP/1.1" 200 3727
INFO 2025-12-29 16:39:21,639 "GET / HTTP/1.1" 302 0
INFO 2025-12-29 16:39:21,651 "GET /accounts/login/?next=/ HTTP/1.1" 200 3727
INFO 2025-12-29 16:39:21,668 "GET / HTTP/1.1" 302 0
INFO 2025-12-29 16:39:21,680 "GET /accounts/login/?next=/ HTTP/1.1" 200 3727
INFO 2025-12-29 16:39:21,698 "GET / HTTP/1.1" 302 0
INFO 2025-12-29 16:39:21,713 "GET /accounts/login/?next=/ HTTP/1.1" 200 3727
INFO 2025-12-29 16:39:21,734 "GET / HTTP/1.1" 302 0
INFO 2025-12-29 16:39:21,748 "GET /accounts/login/?next=/ HTTP/1.1" 200 3727
INFO 2025-12-29 16:39:21,766 "GET / HTTP/1.1" 302 0
INFO 2025-12-29 16:39:21,780 "GET /accounts/login/?next=/ HTTP/1.1" 200 3727
INFO 2025-12-29 16:39:21,798 "GET / HTTP/1.1" 302 0
INFO 2025-12-29 16:39:21,812 "GET /accounts/login/?next=/ HTTP/1.1" 200 3727
INFO 2025-12-29 16:39:21,834 "GET / HTTP/1.1" 302 0
INFO 2025-12-29 16:39:21,851 "GET /accounts/login/?next=/ HTTP/1.1" 200 3727
WARNING 2025-12-29 16:41:10,420 Not Found: /3392977329964697149
WARNING 2025-12-29 16:41:10,421 "GET /3392977329964697149 HTTP/1.1" 404 6226
INFO 2025-12-29 16:46:47,772 "GET /accounts/login/ HTTP/1.1" 200 3562
INFO 2025-12-29 16:46:48,012 "POST /accounts/login/ HTTP/1.1" 200 3717
INFO 2025-12-29 16:51:58,053 "GET /accounts/login/?next=/ HTTP/1.1" 200 3727
INFO 2025-12-29 16:51:58,109 "GET /static/dist/img/login.png HTTP/1.1" 304 0
INFO 2025-12-29 21:02:52,052 Watching for file changes with StatReloader
INFO 2025-12-29 21:02:55,285 "GET / HTTP/1.1" 302 0
INFO 2025-12-29 21:02:55,331 "GET /accounts/login/?next=/ HTTP/1.1" 200 3727
INFO 2025-12-29 21:02:55,428 "GET /static/dist/img/login.png HTTP/1.1" 304 0
INFO 2025-12-29 21:13:11,829 "GET / HTTP/1.1" 302 0
INFO 2025-12-29 21:13:11,865 "GET /accounts/login/?next=/ HTTP/1.1" 200 3727
INFO 2025-12-29 21:13:33,595 "GET /accounts/login/?next=/ HTTP/1.1" 200 3727
INFO 2025-12-29 21:15:48,099 "GET / HTTP/1.1" 302 0
INFO 2025-12-29 21:15:48,128 "GET /accounts/login/?next=/ HTTP/1.1" 200 3727
INFO 2025-12-29 21:22:35,639 "GET / HTTP/1.1" 302 0
INFO 2025-12-29 21:22:35,685 "GET /accounts/login/?next=/ HTTP/1.1" 200 3727
WARNING 2025-12-29 21:22:38,253 Not Found: /favicon.ico
WARNING 2025-12-29 21:22:38,254 "GET /favicon.ico HTTP/1.1" 404 6202
INFO 2025-12-29 21:24:12,703 "POST /accounts/login/ HTTP/1.1" 200 3882
INFO 2025-12-29 21:26:24,623 "POST /accounts/login/ HTTP/1.1" 200 3882
INFO 2025-12-29 21:28:40,764 "POST /accounts/login/ HTTP/1.1" 200 3882
INFO 2025-12-29 21:28:45,635 "POST /accounts/login/ HTTP/1.1" 302 0
INFO 2025-12-29 21:28:45,681 "GET / HTTP/1.1" 200 11703
INFO 2025-12-29 21:54:28,046 "GET / HTTP/1.1" 200 11703
INFO 2025-12-29 22:00:12,619 "GET / HTTP/1.1" 200 11703
INFO 2025-12-29 22:01:12,803 "GET / HTTP/1.1" 200 11703
INFO 2025-12-29 22:01:56,394 "GET / HTTP/1.1" 200 11703
INFO 2025-12-29 22:01:59,966 "GET /accounts/logout/ HTTP/1.1" 302 0
INFO 2025-12-29 22:01:59,976 "GET / HTTP/1.1" 302 0
INFO 2025-12-29 22:01:59,992 "GET /accounts/login/?next=/ HTTP/1.1" 200 3727
INFO 2025-12-29 22:03:15,577 "GET /accounts/login/?next=/ HTTP/1.1" 200 3727
INFO 2025-12-29 22:03:15,947 "GET /static/plugins/toastr/toastr.min.css HTTP/1.1" 200 6454
INFO 2025-12-29 22:03:15,991 "GET /static/dist/img/login.png HTTP/1.1" 200 151902
INFO 2025-12-29 22:03:16,024 "GET /static/plugins/jquery/jquery.min.js HTTP/1.1" 200 88145
INFO 2025-12-29 22:03:16,027 "GET /static/plugins/fontawesome-free/css/all.min.css HTTP/1.1" 200 58578
INFO 2025-12-29 22:03:16,046 "GET /static/dist/js/jquery.formset.js HTTP/1.1" 200 13632
INFO 2025-12-29 22:03:16,052 "GET /static/plugins/bootstrap/js/bootstrap.bundle.min.js HTTP/1.1" 200 80698
INFO 2025-12-29 22:03:16,059 "GET /static/plugins/toastr/toastr.min.js HTTP/1.1" 200 5251
INFO 2025-12-29 22:03:16,071 "GET /static/plugins/overlayScrollbars/js/jquery.overlayScrollbars.min.js HTTP/1.1" 200 42383
INFO 2025-12-29 22:03:16,073 "GET /static/dist/js/adminlte.js HTTP/1.1" 200 57530
INFO 2025-12-29 22:03:16,082 "GET /static/dist/js/demo.js HTTP/1.1" 200 12616
INFO 2025-12-29 22:03:16,087 "GET /static/plugins/overlayScrollbars/css/OverlayScrollbars.min.css HTTP/1.1" 200 19724
INFO 2025-12-29 22:03:16,141 "GET /static/dist/css/login-page.css HTTP/1.1" 200 8610
INFO 2025-12-29 22:03:16,194 "GET /static/dist/css/adminlte.min.css HTTP/1.1" 200 686707
INFO 2025-12-29 22:03:16,298 "GET /static/plugins/fontawesome-free/webfonts/fa-solid-900.woff2 HTTP/1.1" 200 79444
WARNING 2025-12-29 22:03:16,407 Not Found: /favicon.ico
WARNING 2025-12-29 22:03:16,408 "GET /favicon.ico HTTP/1.1" 404 6202
INFO 2025-12-29 22:08:50,924 "GET / HTTP/1.1" 302 0
INFO 2025-12-29 22:08:50,951 "GET /accounts/login/?next=/ HTTP/1.1" 200 3727
INFO 2025-12-29 22:08:51,013 "GET /static/dist/img/login.png HTTP/1.1" 304 0
WARNING 2025-12-29 22:08:51,573 Not Found: /admin
WARNING 2025-12-29 22:08:51,575 "GET /admin HTTP/1.1" 404 6184
INFO 2025-12-29 22:08:59,104 "GET / HTTP/1.1" 302 0
INFO 2025-12-29 22:08:59,139 "GET /accounts/login/?next=/ HTTP/1.1" 200 3727
INFO 2025-12-29 22:09:06,168 "GET /accounts/login/?next=/ HTTP/1.1" 200 3727
INFO 2025-12-29 22:09:15,709 "GET /accounts/login/?next=/ HTTP/1.1" 200 3727
INFO 2025-12-29 22:09:35,339 "GET /accounts/login/?next=/ HTTP/1.1" 200 3727
INFO 2025-12-29 22:09:57,342 "GET / HTTP/1.1" 302 0
INFO 2025-12-29 22:09:57,366 "GET /accounts/login/?next=/ HTTP/1.1" 200 3727
INFO 2025-12-29 22:10:14,529 "GET /accounts/login/?next=/ HTTP/1.1" 200 3727
INFO 2025-12-30 10:09:57,451 "GET /accounts/login/?next=/ HTTP/1.1" 200 3727
WARNING 2025-12-30 10:09:58,596 Not Found: /favicon.ico
WARNING 2025-12-30 10:09:58,597 "GET /favicon.ico HTTP/1.1" 404 6202
INFO 2025-12-30 10:11:11,417 "GET /accounts/login/?next=/ HTTP/1.1" 200 3727
INFO 2025-12-30 10:11:11,462 "GET /static/dist/img/login.png HTTP/1.1" 304 0
INFO 2025-12-30 10:11:22,342 "GET /accounts/login/?next=/ HTTP/1.1" 200 3727
INFO 2025-12-30 10:11:24,905 "GET / HTTP/1.1" 302 0
INFO 2025-12-30 10:11:24,928 "GET /accounts/login/?next=/ HTTP/1.1" 200 3727
INFO 2025-12-30 10:12:01,081 "GET /accounts/login/?next=/ HTTP/1.1" 200 3727
INFO 2025-12-30 10:12:09,761 "GET / HTTP/1.1" 302 0
INFO 2025-12-30 10:12:09,783 "GET /accounts/login/?next=/ HTTP/1.1" 200 3727
INFO 2025-12-30 10:12:23,798 "POST /accounts/login/ HTTP/1.1" 200 3882
INFO 2025-12-30 10:14:26,733 "GET / HTTP/1.1" 302 0
INFO 2025-12-30 10:14:26,750 "GET /accounts/login/?next=/ HTTP/1.1" 200 3727
INFO 2025-12-30 10:14:26,801 "GET /static/dist/img/login.png HTTP/1.1" 304 0
WARNING 2025-12-30 10:14:27,796 Not Found: /favicon.ico
WARNING 2025-12-30 10:14:27,797 "GET /favicon.ico HTTP/1.1" 404 6202
